<?xml version="1.0" encoding="UTF-8"?>
<!-- Generated by org.testng.reporters.JUnitReportReporter -->
<testsuite hostname="A2ML20898" name="scripts.SignInTest" tests="1" failures="0" timestamp="16 Nov 2017 08:47:30 GMT" time="50.700" errors="0">
  <testcase name="testSignInFromHomePage" time="50.700" classname="scripts.SignInTest"/>
</testsuite> <!-- scripts.SignInTest -->
